<?xml version="1.0" encoding="UTF-8"?>
<!-- Generated by org.testng.reporters.JUnitReportReporter -->
<testsuite hostname="Ankit" failures="0" tests="2" name="tests.LoginTest" time="31.372" errors="0" timestamp="2024-09-16T14:29:31 IST" skipped="0">
  <testcase classname="tests.LoginTest" name="login" time="23.094"/>
  <testcase classname="tests.LoginTest" name="login" time="8.278"/>
</testsuite> <!-- tests.LoginTest -->
