<?xml version="1.0" encoding="UTF-8"?>
<!-- Generated by org.testng.reporters.JUnitReportReporter -->
<testsuite hostname="Ankit" failures="0" tests="1" name="tests.ForgotPasswordTest" time="16.529" errors="0" timestamp="2024-09-11T19:33:21 IST" skipped="0">
  <testcase classname="tests.ForgotPasswordTest" name="ForgotPassword" time="16.529"/>
</testsuite> <!-- tests.ForgotPasswordTest -->
