<?xml version="1.0" encoding="UTF-8"?>
<!-- Generated by org.testng.reporters.JUnitReportReporter -->
<testsuite hostname="Ankit" failures="0" tests="1" name="tests.ForgotLoginTest" time="13.416" errors="0" timestamp="2024-09-16T14:27:52 IST" skipped="0">
  <testcase classname="tests.ForgotLoginTest" name="forgotLogin" time="13.416"/>
</testsuite> <!-- tests.ForgotLoginTest -->
