<?xml version="1.0" encoding="UTF-8"?>
<!-- Generated by org.testng.reporters.JUnitReportReporter -->
<testsuite hostname="Ankit" failures="0" tests="2" name="tests.LoginTest" time="33.123" errors="0" timestamp="2024-09-11T13:22:21 IST" skipped="0">
  <testcase classname="tests.LoginTest" name="login" time="27.209"/>
  <testcase classname="tests.LoginTest" name="login" time="5.914"/>
</testsuite> <!-- tests.LoginTest -->
