<?xml version="1.0" encoding="UTF-8"?>
<!-- Generated by org.testng.reporters.JUnitReportReporter -->
<testsuite hostname="Ankit" failures="0" tests="1" name="tests.RegisterTest" time="10.712" errors="0" timestamp="2024-09-16T14:38:24 IST" skipped="0">
  <testcase classname="tests.RegisterTest" name="register" time="10.712"/>
</testsuite> <!-- tests.RegisterTest -->
