<?xml version="1.0" encoding="UTF-8"?>
<!-- Generated by org.testng.reporters.JUnitReportReporter -->
<testsuite hostname="Ankit" failures="0" tests="1" name="tests.ForgotPasswordTest" time="7.928" errors="0" timestamp="2024-09-16T14:30:05 IST" skipped="0">
  <testcase classname="tests.ForgotPasswordTest" name="ForgotPassword" time="7.928"/>
</testsuite> <!-- tests.ForgotPasswordTest -->
